<?xml version="1.0" encoding="UTF-8"?>
<!-- Generated by org.testng.reporters.JUnitReportReporter -->
<testsuite hostname="twinwork2" failures="0" tests="4" name="com.runner.viewProfile_Runner" time="13.919" errors="0" timestamp="5 Jun 2024 07:22:13 GMT">
  <testcase classname="com.runner.viewProfile_Runner" name="checkLogin" time="5.712"/>
  <testcase classname="com.runner.viewProfile_Runner" name="changePassword" time="2.824"/>
  <testcase classname="com.runner.viewProfile_Runner" name="logOut" time="3.309"/>
  <testcase classname="com.runner.viewProfile_Runner" name="clickChangePassword" time="2.074"/>
</testsuite> <!-- com.runner.viewProfile_Runner -->
