<?xml version="1.0" encoding="UTF-8"?>
<!-- Generated by org.testng.reporters.JUnitReportReporter -->
<testsuite hostname="twinwork2" failures="0" tests="2" name="com.runner.CustomerLogin_Runner" time="21.020" errors="0" timestamp="4 Jun 2024 07:22:09 GMT">
  <testcase classname="com.runner.CustomerLogin_Runner" name="setUp" time="9.760"/>
  <testcase classname="com.runner.CustomerLogin_Runner" name="loginCustomer" time="11.260"/>
</testsuite> <!-- com.runner.CustomerLogin_Runner -->
