<?xml version="1.0" encoding="UTF-8"?>
<!-- Generated by org.testng.reporters.JUnitReportReporter -->
<testsuite hostname="twinwork2" failures="0" tests="9" name="com.runner.userList_Runner" time="160.887" errors="0" timestamp="5 Jun 2024 07:22:13 GMT">
  <testcase classname="com.runner.userList_Runner" name="deleteCustomer" time="13.323"/>
  <testcase classname="com.runner.userList_Runner" name="createUser" time="31.221"/>
  <testcase classname="com.runner.userList_Runner" name="searchDeveloper" time="9.863"/>
  <testcase classname="com.runner.userList_Runner" name="deleteDatascientist" time="12.979"/>
  <testcase classname="com.runner.userList_Runner" name="createUser" time="31.163"/>
  <testcase classname="com.runner.userList_Runner" name="searchDatascientist" time="7.639"/>
  <testcase classname="com.runner.userList_Runner" name="searchCustomer" time="7.627"/>
  <testcase classname="com.runner.userList_Runner" name="createUser" time="31.415"/>
  <testcase classname="com.runner.userList_Runner" name="deleteDeveloper" time="15.657"/>
</testsuite> <!-- com.runner.userList_Runner -->
