<?xml version="1.0" encoding="UTF-8"?>
<!-- Generated by org.testng.reporters.JUnitReportReporter -->
<testsuite hostname="twinwork2" failures="0" tests="9" name="com.runner.userList_Runner" time="159.075" errors="0" timestamp="4 Jun 2024 07:22:09 GMT">
  <testcase classname="com.runner.userList_Runner" name="deleteDatascientist" time="12.609"/>
  <testcase classname="com.runner.userList_Runner" name="searchCustomer" time="7.620"/>
  <testcase classname="com.runner.userList_Runner" name="deleteCustomer" time="13.051"/>
  <testcase classname="com.runner.userList_Runner" name="searchDatascientist" time="7.511"/>
  <testcase classname="com.runner.userList_Runner" name="createUser" time="31.118"/>
  <testcase classname="com.runner.userList_Runner" name="deleteDeveloper" time="15.301"/>
  <testcase classname="com.runner.userList_Runner" name="searchDeveloper" time="9.527"/>
  <testcase classname="com.runner.userList_Runner" name="createUser" time="31.075"/>
  <testcase classname="com.runner.userList_Runner" name="createUser" time="31.263"/>
</testsuite> <!-- com.runner.userList_Runner -->
