<?xml version="1.0" encoding="UTF-8"?>
<!-- Generated by org.testng.reporters.JUnitReportReporter -->
<testsuite hostname="twinwork2" failures="0" tests="2" name="com.runner.CustomerLogin_Runner" time="19.293" errors="0" timestamp="5 Jun 2024 07:22:13 GMT">
  <testcase classname="com.runner.CustomerLogin_Runner" name="loginCustomer" time="10.828"/>
  <testcase classname="com.runner.CustomerLogin_Runner" name="setUp" time="8.465"/>
</testsuite> <!-- com.runner.CustomerLogin_Runner -->
