<?xml version="1.0" encoding="UTF-8"?>
<!-- Generated by org.testng.reporters.JUnitReportReporter -->
<testsuite hostname="twinwork2" failures="0" tests="1" name="com.runner.Login_Runner" time="16.882" errors="0" timestamp="4 Jun 2024 07:22:09 GMT">
  <testcase classname="com.runner.Login_Runner" name="loginUser" time="16.882"/>
</testsuite> <!-- com.runner.Login_Runner -->
