<?xml version="1.0" encoding="UTF-8"?>
<!-- Generated by org.testng.reporters.JUnitReportReporter -->
<testsuite hostname="twinwork2" failures="0" tests="4" name="com.runner.viewProfile_Runner" time="13.626" errors="0" timestamp="4 Jun 2024 07:22:09 GMT">
  <testcase classname="com.runner.viewProfile_Runner" name="clickChangePassword" time="2.064"/>
  <testcase classname="com.runner.viewProfile_Runner" name="logOut" time="3.240"/>
  <testcase classname="com.runner.viewProfile_Runner" name="checkLogin" time="5.557"/>
  <testcase classname="com.runner.viewProfile_Runner" name="changePassword" time="2.765"/>
</testsuite> <!-- com.runner.viewProfile_Runner -->
