<?xml version="1.0" encoding="UTF-8"?>
<!-- Generated by org.testng.reporters.JUnitReportReporter -->
<testsuite hostname="twinwork2" failures="0" tests="1" name="com.runner.Login_Runner" time="15.135" errors="0" timestamp="5 Jun 2024 07:22:13 GMT">
  <testcase classname="com.runner.Login_Runner" name="loginUser" time="15.135"/>
</testsuite> <!-- com.runner.Login_Runner -->
