<?xml version="1.0" encoding="UTF-8"?>
<!-- Generated by org.testng.reporters.JUnitReportReporter -->
<testsuite hostname="EM-FM0M0J3" failures="0" tests="1" name="com.runner.Login_Runner" time="10.582" errors="0" timestamp="6 Jun 2024 05:45:09 GMT">
  <testcase classname="com.runner.Login_Runner" name="loginUser" time="10.582"/>
</testsuite> <!-- com.runner.Login_Runner -->
