<?xml version="1.0" encoding="UTF-8"?>
<!-- Generated by org.testng.reporters.JUnitReportReporter -->
<testsuite hostname="EM-FM0M0J3" failures="0" tests="1" name="com.runner.Login_Runner" time="14.797" errors="0" timestamp="28 May 2024 12:05:43 GMT">
  <testcase classname="com.runner.Login_Runner" name="loginUser" time="14.797"/>
</testsuite> <!-- com.runner.Login_Runner -->
