<?xml version="1.0" encoding="UTF-8"?>
<!-- Generated by org.testng.reporters.JUnitReportReporter -->
<testsuite hostname="EM-FM0M0J3" failures="0" tests="2" name="com.runner.CustomerLogin_Runner" time="14.315" errors="0" timestamp="28 May 2024 12:05:43 GMT">
  <testcase classname="com.runner.CustomerLogin_Runner" name="loginCustomer" time="9.738"/>
  <testcase classname="com.runner.CustomerLogin_Runner" name="setUp" time="4.577"/>
</testsuite> <!-- com.runner.CustomerLogin_Runner -->
