<?xml version="1.0" encoding="UTF-8"?>
<!-- Generated by org.testng.reporters.JUnitReportReporter -->
<testsuite hostname="EM-FM0M0J3" failures="0" tests="4" name="com.runner.viewProfile_Runner" time="13.333" errors="0" timestamp="28 May 2024 12:05:43 GMT">
  <testcase classname="com.runner.viewProfile_Runner" name="changePassword" time="2.640"/>
  <testcase classname="com.runner.viewProfile_Runner" name="logOut" time="3.222"/>
  <testcase classname="com.runner.viewProfile_Runner" name="clickChangePassword" time="2.058"/>
  <testcase classname="com.runner.viewProfile_Runner" name="checkLogin" time="5.413"/>
</testsuite> <!-- com.runner.viewProfile_Runner -->
