<?xml version="1.0" encoding="UTF-8"?>
<!-- Generated by org.testng.reporters.JUnitReportReporter -->
<testsuite hostname="EM-FM0M0J3" failures="0" tests="1" name="com.runner.Login_Runner" time="9.066" errors="0" timestamp="7 Jun 2024 02:54:28 GMT">
  <testcase classname="com.runner.Login_Runner" name="loginUser" time="9.066"/>
</testsuite> <!-- com.runner.Login_Runner -->
