<?xml version="1.0" encoding="UTF-8"?>
<!-- Generated by org.testng.reporters.JUnitReportReporter -->
<testsuite hostname="EM-FM0M0J3" failures="0" tests="2" name="com.runner.CustomerLogin_Runner" time="16.973" errors="0" timestamp="6 Jun 2024 07:08:23 GMT">
  <testcase classname="com.runner.CustomerLogin_Runner" name="setUp" time="7.293"/>
  <testcase classname="com.runner.CustomerLogin_Runner" name="loginCustomer" time="9.680"/>
</testsuite> <!-- com.runner.CustomerLogin_Runner -->
