<?xml version="1.0" encoding="UTF-8"?>
<!-- Generated by org.testng.reporters.JUnitReportReporter -->
<testsuite hostname="EM-FM0M0J3" failures="0" tests="4" name="com.runner.viewProfile_Runner" time="12.648" errors="0" timestamp="4 Jun 2024 06:04:09 GMT">
  <testcase classname="com.runner.viewProfile_Runner" name="changePassword" time="2.264"/>
  <testcase classname="com.runner.viewProfile_Runner" name="clickChangePassword" time="2.052"/>
  <testcase classname="com.runner.viewProfile_Runner" name="logOut" time="3.117"/>
  <testcase classname="com.runner.viewProfile_Runner" name="checkLogin" time="5.215"/>
</testsuite> <!-- com.runner.viewProfile_Runner -->
