<?xml version="1.0" encoding="UTF-8"?>
<!-- Generated by org.testng.reporters.JUnitReportReporter -->
<testsuite hostname="EM-FM0M0J3" failures="0" tests="9" name="com.runner.userList_Runner" time="154.431" errors="0" timestamp="4 Jun 2024 06:04:09 GMT">
  <testcase classname="com.runner.userList_Runner" name="searchCustomer" time="7.287"/>
  <testcase classname="com.runner.userList_Runner" name="deleteCustomer" time="12.451"/>
  <testcase classname="com.runner.userList_Runner" name="deleteDatascientist" time="12.271"/>
  <testcase classname="com.runner.userList_Runner" name="createUser" time="30.472"/>
  <testcase classname="com.runner.userList_Runner" name="createUser" time="30.428"/>
  <testcase classname="com.runner.userList_Runner" name="searchDatascientist" time="7.220"/>
  <testcase classname="com.runner.userList_Runner" name="searchDeveloper" time="9.243"/>
  <testcase classname="com.runner.userList_Runner" name="deleteDeveloper" time="14.646"/>
  <testcase classname="com.runner.userList_Runner" name="createUser" time="30.413"/>
</testsuite> <!-- com.runner.userList_Runner -->
