<?xml version="1.0" encoding="UTF-8"?>
<!-- Generated by org.testng.reporters.JUnitReportReporter -->
<testsuite hostname="EM-FM0M0J3" failures="0" tests="1" name="com.runner.Login_Runner" time="8.871" errors="0" timestamp="4 Jun 2024 15:02:43 GMT">
  <testcase classname="com.runner.Login_Runner" name="loginUser" time="8.871"/>
</testsuite> <!-- com.runner.Login_Runner -->
