<?xml version="1.0" encoding="UTF-8"?>
<!-- Generated by org.testng.reporters.JUnitReportReporter -->
<testsuite hostname="EM-FM0M0J3" failures="0" tests="4" name="com.runner.Customer_View_Profile_Runner" time="23.416" errors="0" timestamp="28 May 2024 12:05:43 GMT">
  <testcase classname="com.runner.Customer_View_Profile_Runner" name="clickChangeCustomerPassword" time="11.748"/>
  <testcase classname="com.runner.Customer_View_Profile_Runner" name="changeCustomerPassword" time="2.781"/>
  <testcase classname="com.runner.Customer_View_Profile_Runner" name="checkCustomerLogin" time="5.652"/>
  <testcase classname="com.runner.Customer_View_Profile_Runner" name="logOut" time="3.235"/>
</testsuite> <!-- com.runner.Customer_View_Profile_Runner -->
