<?xml version="1.0" encoding="UTF-8"?>
<!-- Generated by org.testng.reporters.JUnitReportReporter -->
<testsuite hostname="EM-FM0M0J3" failures="0" tests="2" name="com.runner.CustomerLogin_Runner" time="11.047" errors="0" timestamp="4 Jun 2024 06:04:09 GMT">
  <testcase classname="com.runner.CustomerLogin_Runner" name="loginCustomer" time="9.258"/>
  <testcase classname="com.runner.CustomerLogin_Runner" name="setUp" time="1.789"/>
</testsuite> <!-- com.runner.CustomerLogin_Runner -->
