<?xml version="1.0" encoding="UTF-8"?>
<!-- Generated by org.testng.reporters.JUnitReportReporter -->
<testsuite hostname="EM-J9570Z2" failures="0" tests="2" name="com.base.BaseClass" time="4.662" errors="0" timestamp="25 Apr 2024 05:35:16 GMT">
  <testcase classname="com.base.BaseClass" name="tearDown" time="0.112"/>
  <testcase classname="com.base.BaseClass" name="setUp" time="4.550"/>
</testsuite> <!-- com.base.BaseClass -->
