<?xml version="1.0" encoding="UTF-8"?>
<!-- Generated by org.testng.reporters.JUnitReportReporter -->
<testsuite hostname="EM-FM0M0J3" failures="0" tests="9" name="com.runner.userList_Runner" time="158.302" errors="0" timestamp="28 May 2024 12:05:43 GMT">
  <testcase classname="com.runner.userList_Runner" name="deleteDeveloper" time="15.139"/>
  <testcase classname="com.runner.userList_Runner" name="deleteCustomer" time="12.719"/>
  <testcase classname="com.runner.userList_Runner" name="createUser" time="30.899"/>
  <testcase classname="com.runner.userList_Runner" name="createUser" time="31.190"/>
  <testcase classname="com.runner.userList_Runner" name="searchDatascientist" time="7.482"/>
  <testcase classname="com.runner.userList_Runner" name="searchCustomer" time="7.520"/>
  <testcase classname="com.runner.userList_Runner" name="createUser" time="31.469"/>
  <testcase classname="com.runner.userList_Runner" name="searchDeveloper" time="9.342"/>
  <testcase classname="com.runner.userList_Runner" name="deleteDatascientist" time="12.542"/>
</testsuite> <!-- com.runner.userList_Runner -->
