<?xml version="1.0" encoding="UTF-8"?>
<!-- Generated by org.testng.reporters.JUnitReportReporter -->
<testsuite hostname="EM-FM0M0J3" failures="0" tests="4" name="com.runner.viewProfile_Runner" time="13.706" errors="0" timestamp="6 Jun 2024 07:08:23 GMT">
  <testcase classname="com.runner.viewProfile_Runner" name="logOut" time="3.236"/>
  <testcase classname="com.runner.viewProfile_Runner" name="changePassword" time="2.823"/>
  <testcase classname="com.runner.viewProfile_Runner" name="clickChangePassword" time="2.079"/>
  <testcase classname="com.runner.viewProfile_Runner" name="checkLogin" time="5.568"/>
</testsuite> <!-- com.runner.viewProfile_Runner -->
